<?xml version="1.0" encoding="UTF-8"?>
<!-- Generated by org.testng.reporters.JUnitReportReporter -->
<testsuite hostname="DESKTOP-ACLN3OR" name="com.slokam.test.automation.testscripts.basic.CreateCompanyTest" tests="1" failures="0" timestamp="22 Feb 2020 06:08:03 GMT" time="14.771" errors="0">
  <testcase name="createCompanyWithPublicAccess" time="14.771" classname="com.slokam.test.automation.testscripts.basic.CreateCompanyTest"/>
</testsuite> <!-- com.slokam.test.automation.testscripts.basic.CreateCompanyTest -->
