<?xml version="1.0" encoding="UTF-8"?>
<!-- Generated by org.testng.reporters.JUnitReportReporter -->
<testsuite hostname="DESKTOP-ACLN3OR" name="com.slokam.test.automation.testscripts.basic.CompressString" tests="1" failures="0" timestamp="3 Mar 2020 16:59:44 GMT" time="0.049" errors="1">
  <testcase name="comp" time="0.049" classname="com.slokam.test.automation.testscripts.basic.CompressString">
    <error type="java.lang.ArrayIndexOutOfBoundsException" message="8">
      <![CDATA[java.lang.ArrayIndexOutOfBoundsException: 8
	at com.slokam.test.automation.testscripts.basic.CompressString.comp(CompressString.java:17)
]]>
    </error>
  </testcase> <!-- comp -->
</testsuite> <!-- com.slokam.test.automation.testscripts.basic.CompressString -->
