<?xml version="1.0" encoding="UTF-8"?>
<!-- Generated by org.testng.reporters.JUnitReportReporter -->
<testsuite hostname="DESKTOP-ACLN3OR" name="com.slokam.test.automation.testscripts.basic.FindDuplicate" tests="1" failures="0" timestamp="24 Feb 2020 05:46:40 GMT" time="0.042" errors="0">
  <testcase name="findDups" time="0.042" classname="com.slokam.test.automation.testscripts.basic.FindDuplicate"/>
</testsuite> <!-- com.slokam.test.automation.testscripts.basic.FindDuplicate -->
