<?xml version="1.0" encoding="UTF-8"?>
<!-- Generated by org.testng.reporters.JUnitReportReporter -->
<testsuite hostname="DESKTOP-ACLN3OR" name="com.slokam.test.automation.testscripts.basic.A" tests="1" failures="0" timestamp="27 Feb 2020 02:03:35 GMT" time="0.063" errors="0">
  <testcase name="b" time="0.063" classname="com.slokam.test.automation.testscripts.basic.A"/>
</testsuite> <!-- com.slokam.test.automation.testscripts.basic.A -->
