<?xml version="1.0" encoding="UTF-8"?>
<!-- Generated by org.testng.reporters.JUnitReportReporter -->
<testsuite hostname="DESKTOP-ACLN3OR" name="com.slokam.test.automation.testscripts.basic.ReplaceWhiteSpaceinString" tests="1" failures="0" timestamp="27 Feb 2020 02:32:50 GMT" time="0.066" errors="0">
  <testcase name="b" time="0.066" classname="com.slokam.test.automation.testscripts.basic.ReplaceWhiteSpaceinString"/>
</testsuite> <!-- com.slokam.test.automation.testscripts.basic.ReplaceWhiteSpaceinString -->
