<?xml version="1.0" encoding="UTF-8"?>
<!-- Generated by org.testng.reporters.JUnitReportReporter -->
<testsuite hostname="DESKTOP-ACLN3OR" name="com.slokam.test.automation.testscripts.basic.Ex" tests="1" failures="0" timestamp="5 Mar 2020 05:27:04 GMT" time="1.420" errors="0">
  <testcase name="colReader" time="1.420" classname="com.slokam.test.automation.testscripts.basic.Ex"/>
</testsuite> <!-- com.slokam.test.automation.testscripts.basic.Ex -->
