<?xml version="1.0" encoding="UTF-8"?>
<!-- Generated by org.testng.reporters.JUnitReportReporter -->
<testsuite hostname="DESKTOP-ACLN3OR" name="com.slokam.test.automation.testscripts.basic.PracticePage" tests="1" failures="0" timestamp="4 Mar 2020 15:17:32 GMT" time="29.360" errors="0">
  <testcase name="msgWin" time="29.360" classname="com.slokam.test.automation.testscripts.basic.PracticePage"/>
</testsuite> <!-- com.slokam.test.automation.testscripts.basic.PracticePage -->
