<?xml version="1.0" encoding="UTF-8"?>
<!-- Generated by org.testng.reporters.JUnitReportReporter -->
<testsuite hostname="DESKTOP-ACLN3OR" name="com.slokam.test.automation.testscripts.basic.countVOWELS" tests="1" failures="0" timestamp="29 Feb 2020 10:39:56 GMT" time="0.066" errors="0">
  <testcase name="a" time="0.066" classname="com.slokam.test.automation.testscripts.basic.countVOWELS"/>
</testsuite> <!-- com.slokam.test.automation.testscripts.basic.countVOWELS -->
