<?xml version="1.0" encoding="UTF-8"?>
<!-- Generated by org.testng.reporters.JUnitReportReporter -->
<testsuite hostname="DESKTOP-ACLN3OR" name="com.slokam.test.automation.testscripts.basic.A" tests="1" failures="0" timestamp="29 Feb 2020 12:58:12 GMT" time="0.061" errors="0">
  <testcase name="b" time="0.061" classname="com.slokam.test.automation.testscripts.basic.A"/>
</testsuite> <!-- com.slokam.test.automation.testscripts.basic.A -->
