<?xml version="1.0" encoding="UTF-8"?>
<!-- Generated by org.testng.reporters.JUnitReportReporter -->
<testsuite hostname="DESKTOP-ACLN3OR" name="com.slokam.test.automation.testscripts.basic.jj" tests="1" failures="0" timestamp="3 Mar 2020 04:00:09 GMT" time="0.047" errors="1">
  <testcase name="opentext" time="0.047" classname="com.slokam.test.automation.testscripts.basic.jj">
    <error type="java.lang.ArrayIndexOutOfBoundsException" message="10">
      <![CDATA[java.lang.ArrayIndexOutOfBoundsException: 10
	at com.slokam.test.automation.testscripts.basic.jj.opentext(jj.java:22)
]]>
    </error>
  </testcase> <!-- opentext -->
</testsuite> <!-- com.slokam.test.automation.testscripts.basic.jj -->
