<?xml version="1.0" encoding="UTF-8"?>
<!-- Generated by org.testng.reporters.JUnitReportReporter -->
<testsuite hostname="DESKTOP-ACLN3OR" name="com.base.FirefoxGeckoBrowser" tests="1" failures="1" timestamp="22 Sep 2019 17:29:33 GMT" time="556.164" errors="0">
  <testcase name="init" time="556.164" classname="com.base.FirefoxGeckoBrowser">
    <failure type="org.openqa.selenium.WebDriverException" message="Failed to connect to binary FirefoxBinary(C:\Program Files\Mozilla Firefox\firefox.exe) on port 7055; process output follows: 
null,&quot;translators&quot;:null,&quot;contributors&quot;:null,&quot;locales&quot;:[&quot;ca&quot;]},{&quot;name&quot;:&quot;WikipÃ©dia (sk)&quot;,&quot;description&quot;:&quot;WikipÃ©dia, slobodnÃ¡ a otvorenÃ¡ encyklopÃ©dia&quot;,&quot;creator&quot;:null,&quot;developers&quot;:null,&quot;translators&quot;:null,&quot;contributors&quot;:null,&quot;locales&quot;:[&quot;sk&quot;]},{&quot;name&quot;:&quot;Ð’Ð¸ÐºÐ¸Ð¿ÐµÐ´Ð¸Ñ˜Ð° (sr)&quot;,&quot;description&quot;:&quot;ÐŸÑ€ÐµÑ‚Ñ€Ð°Ð³Ð° Ð’Ð¸ÐºÐ¸Ð¿ÐµÐ´Ð¸Ñ˜Ðµ Ð½Ð° Ñ�Ñ€Ð¿Ñ�ÐºÐ¾Ð¼ Ñ˜ÐµÐ·Ð¸ÐºÑƒ&quot;,&quot;creator&quot;:null,&quot;developers&quot;:null,&quot;translators&quot;:null,&quot;contributors&quot;:null,&quot;locales&quot;:[&quot;sr&quot;]},{&quot;name&quot;:&quot;Wikipedia (af)&quot;,&quot;description&quot;:&quot;Wikipedia, die vrye ensiklopedie&quot;,&quot;creator&quot;:null,&quot;developers&quot;:null,&quot;translators&quot;:null,&quot;contributors&quot;:null,&quot;locales&quot;:[&quot;af&quot;]},{&quot;name&quot;:&quot;ÙˆÛŒÚ©ÛŒâ€ŒÙ¾Ø¯ÛŒØ§ (fa)&quot;,&quot;description&quot;:&quot;ÙˆÛŒÚ©ÛŒâ€ŒÙ¾Ø¯ÛŒØ§ØŒ Ø¯Ø§Ù†Ø´Ù†Ø§Ù…Ù‡Ù” Ø¢Ø²Ø§Ø¯&quot;,&quot;creator&quot;:null,&quot;developers&quot;:null,&quot;translators&quot;:null,&quot;contributors&quot;:null,&quot;locales&quot;:[&quot;fa&quot;]},{&quot;name&quot;:&quot;à´µà´¿à´•àµ�à´•à´¿à´ªàµ€à´¡à´¿à´¯ (ml)&quot;,&quot;description&quot;:&quot;à´µà´¿à´•àµ�à´•à´¿à´ªàµ€à´¡à´¿à´¯, à´¸àµ�à´µà´¤à´¨àµ�à´¤àµ�à´° à´¸à´°àµ�â€�à´µàµ�à´µà´µà´¿à´œàµ�à´žà´¾à´¨à´•àµ‹à´¶à´‚ &quot;,&quot;creator&quot;:null,&quot;developers&quot;:null,&quot;translators&quot;:null,&quot;contributors&quot;:null,&quot;locales&quot;:[&quot;ml&quot;]},{&quot;name&quot;:&quot;Wikipedia (ia)&quot;,&quot;description&quot;:&quot;Wikipedia, le encyclopedia libere&quot;,&quot;creator&quot;:null,&quot;developers&quot;:null,&quot;translators&quot;:null,&quot;contributors&quot;:null,&quot;locales&quot;:[&quot;ia&quot;]},{&quot;name&quot;:&quot;Wikipedia (ms)&quot;,&quot;description&quot;:&quot;Wikipedia, ensiklopedia bebas&quot;,&quot;creator&quot;:null,&quot;developers&quot;:null,&quot;translators&quot;:null,&quot;contributors&quot;:null,&quot;locales&quot;:[&quot;ms&quot;]},{&quot;name&quot;:&quot;Wikipedia (no)&quot;,&quot;description&quot;:&quot;Wikipedia, den frie encyklopedi&quot;,&quot;creator&quot;:null,&quot;developers&quot;:null,&quot;translators&quot;:null,&quot;contributors&quot;:null,&quot;locales&quot;:[&quot;NO&quot;]},{&quot;name&quot;:&quot;Wikipedia (br)&quot;,&quot;description&quot;:&quot;Wikipedia, an holloueziadur digor&quot;,&quot;creator&quot;:null,&quot;developers&quot;:null,&quot;translators&quot;:null,&quot;contributors&quot;:null,&quot;locales&quot;:[&quot;br&quot;]},{&quot;name&quot;:&quot;Wikipedia (pl)&quot;,&quot;description&quot;:&quot;Wikipedia, wolna encyklopedia&quot;,&quot;creator&quot;:null,&quot;developers&quot;:null,&quot;translators&quot;:null,&quot;contributors&quot;:null,&quot;locales&quot;:[&quot;pl&quot;]},{&quot;name&quot;:&quot;Ð’Ñ–ÐºÑ–Ð¿Ñ�Ð´Ñ‹Ñ� (be-tarask)&quot;,&quot;description&quot;:&quot;Ð’Ñ–ÐºÑ–Ð¿Ñ�Ð´Ñ‹Ñ�, Ð²Ð¾Ð»ÑŒÐ½Ð°Ñ� Ñ�Ð½Ñ†Ñ‹ÐºÐ»Ñ�Ð¿Ñ�Ð´Ñ‹Ñ�&quot;,&quot;creator&quot;:null,&quot;developers&quot;:null,&quot;translators&quot;:null,&quot;contributors&quot;:null,&quot;locales&quot;:[&quot;be-tarask&quot;]},{&quot;name&quot;:&quot;àº§àº´àº�àº´àºžàºµà»€àº”àº� (lo)&quot;,&quot;description&quot;:&quot;àº§àº´àº�àº´àºžàºµà»€àº”àº�, àºªàº²àº¥àº²àº™àº¸àº�àº»àº¡à»€àºªàº¥àºµ&quot;,&quot;creator&quot;:null,&quot;developers&quot;:null,&quot;translators&quot;:null,&quot;contributors&quot;:null,&quot;locales&quot;:[&quot;lo&quot;]},{&quot;name&quot;:&quot;Wikipedia (sv)&quot;,&quot;description&quot;:&quot;Wikipedia, den fria encyklopedin&quot;,&quot;creator&quot;:null,&quot;developers&quot;:null,&quot;translators&quot;:null,&quot;contributors&quot;:null,&quot;locales&quot;:[&quot;sv-SE&quot;]},{&quot;name&quot;:&quot;Wikipedija (sl)&quot;,&quot;description&quot;:&quot;Wikipedija, prosta enciklopedija&quot;,&quot;creator&quot;:null,&quot;developers&quot;:null,&quot;translators&quot;:null,&quot;contributors&quot;:null,&quot;locales&quot;:[&quot;sl&quot;]},{&quot;name&quot;:&quot;VikipÄ“dija&quot;,&quot;description&quot;:&quot;VikipÄ“dija, brÄ«vÄ� enciklopÄ“dija&quot;,&quot;creator&quot;:null,&quot;developers&quot;:null,&quot;translators&quot;:null,&quot;contributors&quot;:null,&quot;locales&quot;:[&quot;lv&quot;]},{&quot;name&quot;:&quot;Biquipedia (an)&quot;,&quot;description&quot;:&quot;A enciclopedia Libre&quot;,&quot;creator&quot;:null,&quot;developers&quot;:null,&quot;translators&quot;:null,&quot;contributors&quot;:null,&quot;locales&quot;:[&quot;an&quot;]},{&quot;name&quot;:&quot;Ð’Ð¸ÐºÐ¸Ð¿ÐµÐ´Ð¸Ñ� (ru)&quot;,&quot;description&quot;:&quot;Ð’Ð¸ÐºÐ¸Ð¿ÐµÐ´Ð¸Ñ�, Ñ�Ð²Ð¾Ð±Ð¾Ð´Ð½Ð°Ñ� Ñ�Ð½Ñ†Ð¸ÐºÐ»Ð¾Ð¿ÐµÐ´Ð¸Ñ�&quot;,&quot;creator&quot;:null,&quot;developers&quot;:null,&quot;translators&quot;:null,&quot;contributors&quot;:null,&quot;locales&quot;:[&quot;ru&quot;]}],&quot;targetApplications&quot;:[{&quot;id&quot;:&quot;toolkit@mozilla.org&quot;,&quot;minVersion&quot;:null,&quot;maxVersion&quot;:null}],&quot;targetPlatforms&quot;:[],&quot;seen&quot;:true,&quot;dependencies&quot;:[],&quot;incognito&quot;:&quot;spanning&quot;,&quot;userPermissions&quot;:{&quot;permissions&quot;:[],&quot;origins&quot;:[]},&quot;icons&quot;:{&quot;16&quot;:&quot;favicon.ico&quot;},&quot;iconURL&quot;:null,&quot;blocklistState&quot;:0,&quot;blocklistURL&quot;:null,&quot;startupData&quot;:null,&quot;hidden&quot;:true,&quot;installTelemetryInfo&quot;:null,&quot;recommendationState&quot;:null,&quot;rootURI&quot;:&quot;resource://search-extensions/wikipedia/&quot;,&quot;location&quot;:&quot;app-builtin&quot;}
1569172855704	addons.xpi	DEBUG	Loading bootstrap scope from resource://search-extensions/wikipedia/
1569172855704	addons.xpi	DEBUG	Calling bootstrap method install on wikipedia@search.mozilla.org version 1.0
1569172855704	addons.xpi	DEBUG	Calling bootstrap method startup on wikipedia@search.mozilla.org version 1.0
JavaScript error: https://www.mozilla.org/media/js/BUNDLES/privacy_firefox.8aff52e7b260.js, line 1: TypeError: e[0] is undefined

Build info: version: &#039;2.44.0&#039;, revision: &#039;76d78cf323ce037c5f92db6c1bba601c2ac43ad8&#039;, time: &#039;2014-10-23 13:11:40&#039;
System info: host: &#039;DESKTOP-ACLN3OR&#039;, ip: &#039;192.168.1.4&#039;, os.name: &#039;Windows 10&#039;, os.arch: &#039;amd64&#039;, os.version: &#039;10.0&#039;, java.version: &#039;1.8.0_221&#039;
Driver info: driver.version: FirefoxDriver">
      <![CDATA[org.openqa.selenium.WebDriverException: Failed to connect to binary FirefoxBinary(C:\Program Files\Mozilla Firefox\firefox.exe) on port 7055; process output follows: 
null,"translators":null,"contributors":null,"locales":["ca"]},{"name":"WikipÃ©dia (sk)","description":"WikipÃ©dia, slobodnÃ¡ a otvorenÃ¡ encyklopÃ©dia","creator":null,"developers":null,"translators":null,"contributors":null,"locales":["sk"]},{"name":"Ð’Ð¸ÐºÐ¸Ð¿ÐµÐ´Ð¸Ñ˜Ð° (sr)","description":"ÐŸÑ€ÐµÑ‚Ñ€Ð°Ð³Ð° Ð’Ð¸ÐºÐ¸Ð¿ÐµÐ´Ð¸Ñ˜Ðµ Ð½Ð° Ñ�Ñ€Ð¿Ñ�ÐºÐ¾Ð¼ Ñ˜ÐµÐ·Ð¸ÐºÑƒ","creator":null,"developers":null,"translators":null,"contributors":null,"locales":["sr"]},{"name":"Wikipedia (af)","description":"Wikipedia, die vrye ensiklopedie","creator":null,"developers":null,"translators":null,"contributors":null,"locales":["af"]},{"name":"ÙˆÛŒÚ©ÛŒâ€ŒÙ¾Ø¯ÛŒØ§ (fa)","description":"ÙˆÛŒÚ©ÛŒâ€ŒÙ¾Ø¯ÛŒØ§ØŒ Ø¯Ø§Ù†Ø´Ù†Ø§Ù…Ù‡Ù” Ø¢Ø²Ø§Ø¯","creator":null,"developers":null,"translators":null,"contributors":null,"locales":["fa"]},{"name":"à´µà´¿à´•àµ�à´•à´¿à´ªàµ€à´¡à´¿à´¯ (ml)","description":"à´µà´¿à´•àµ�à´•à´¿à´ªàµ€à´¡à´¿à´¯, à´¸àµ�à´µà´¤à´¨àµ�à´¤àµ�à´° à´¸à´°àµ�â€�à´µàµ�à´µà´µà´¿à´œàµ�à´žà´¾à´¨à´•àµ‹à´¶à´‚ ","creator":null,"developers":null,"translators":null,"contributors":null,"locales":["ml"]},{"name":"Wikipedia (ia)","description":"Wikipedia, le encyclopedia libere","creator":null,"developers":null,"translators":null,"contributors":null,"locales":["ia"]},{"name":"Wikipedia (ms)","description":"Wikipedia, ensiklopedia bebas","creator":null,"developers":null,"translators":null,"contributors":null,"locales":["ms"]},{"name":"Wikipedia (no)","description":"Wikipedia, den frie encyklopedi","creator":null,"developers":null,"translators":null,"contributors":null,"locales":["NO"]},{"name":"Wikipedia (br)","description":"Wikipedia, an holloueziadur digor","creator":null,"developers":null,"translators":null,"contributors":null,"locales":["br"]},{"name":"Wikipedia (pl)","description":"Wikipedia, wolna encyklopedia","creator":null,"developers":null,"translators":null,"contributors":null,"locales":["pl"]},{"name":"Ð’Ñ–ÐºÑ–Ð¿Ñ�Ð´Ñ‹Ñ� (be-tarask)","description":"Ð’Ñ–ÐºÑ–Ð¿Ñ�Ð´Ñ‹Ñ�, Ð²Ð¾Ð»ÑŒÐ½Ð°Ñ� Ñ�Ð½Ñ†Ñ‹ÐºÐ»Ñ�Ð¿Ñ�Ð´Ñ‹Ñ�","creator":null,"developers":null,"translators":null,"contributors":null,"locales":["be-tarask"]},{"name":"àº§àº´àº�àº´àºžàºµà»€àº”àº� (lo)","description":"àº§àº´àº�àº´àºžàºµà»€àº”àº�, àºªàº²àº¥àº²àº™àº¸àº�àº»àº¡à»€àºªàº¥àºµ","creator":null,"developers":null,"translators":null,"contributors":null,"locales":["lo"]},{"name":"Wikipedia (sv)","description":"Wikipedia, den fria encyklopedin","creator":null,"developers":null,"translators":null,"contributors":null,"locales":["sv-SE"]},{"name":"Wikipedija (sl)","description":"Wikipedija, prosta enciklopedija","creator":null,"developers":null,"translators":null,"contributors":null,"locales":["sl"]},{"name":"VikipÄ“dija","description":"VikipÄ“dija, brÄ«vÄ� enciklopÄ“dija","creator":null,"developers":null,"translators":null,"contributors":null,"locales":["lv"]},{"name":"Biquipedia (an)","description":"A enciclopedia Libre","creator":null,"developers":null,"translators":null,"contributors":null,"locales":["an"]},{"name":"Ð’Ð¸ÐºÐ¸Ð¿ÐµÐ´Ð¸Ñ� (ru)","description":"Ð’Ð¸ÐºÐ¸Ð¿ÐµÐ´Ð¸Ñ�, Ñ�Ð²Ð¾Ð±Ð¾Ð´Ð½Ð°Ñ� Ñ�Ð½Ñ†Ð¸ÐºÐ»Ð¾Ð¿ÐµÐ´Ð¸Ñ�","creator":null,"developers":null,"translators":null,"contributors":null,"locales":["ru"]}],"targetApplications":[{"id":"toolkit@mozilla.org","minVersion":null,"maxVersion":null}],"targetPlatforms":[],"seen":true,"dependencies":[],"incognito":"spanning","userPermissions":{"permissions":[],"origins":[]},"icons":{"16":"favicon.ico"},"iconURL":null,"blocklistState":0,"blocklistURL":null,"startupData":null,"hidden":true,"installTelemetryInfo":null,"recommendationState":null,"rootURI":"resource://search-extensions/wikipedia/","location":"app-builtin"}
1569172855704	addons.xpi	DEBUG	Loading bootstrap scope from resource://search-extensions/wikipedia/
1569172855704	addons.xpi	DEBUG	Calling bootstrap method install on wikipedia@search.mozilla.org version 1.0
1569172855704	addons.xpi	DEBUG	Calling bootstrap method startup on wikipedia@search.mozilla.org version 1.0
JavaScript error: https://www.mozilla.org/media/js/BUNDLES/privacy_firefox.8aff52e7b260.js, line 1: TypeError: e[0] is undefined

Build info: version: '2.44.0', revision: '76d78cf323ce037c5f92db6c1bba601c2ac43ad8', time: '2014-10-23 13:11:40'
System info: host: 'DESKTOP-ACLN3OR', ip: '192.168.1.4', os.name: 'Windows 10', os.arch: 'amd64', os.version: '10.0', java.version: '1.8.0_221'
Driver info: driver.version: FirefoxDriver
	at org.openqa.selenium.firefox.internal.NewProfileExtensionConnection.start(NewProfileExtensionConnection.java:130)
	at org.openqa.selenium.firefox.FirefoxDriver.startClient(FirefoxDriver.java:246)
	at org.openqa.selenium.remote.RemoteWebDriver.<init>(RemoteWebDriver.java:114)
	at org.openqa.selenium.firefox.FirefoxDriver.<init>(FirefoxDriver.java:191)
	at org.openqa.selenium.firefox.FirefoxDriver.<init>(FirefoxDriver.java:186)
	at org.openqa.selenium.firefox.FirefoxDriver.<init>(FirefoxDriver.java:182)
	at org.openqa.selenium.firefox.FirefoxDriver.<init>(FirefoxDriver.java:95)
	at com.base.FirefoxGeckoBrowser.init(FirefoxGeckoBrowser.java:14)
	at sun.reflect.NativeMethodAccessorImpl.invoke0(Native Method)
	at sun.reflect.NativeMethodAccessorImpl.invoke(Unknown Source)
	at sun.reflect.DelegatingMethodAccessorImpl.invoke(Unknown Source)
	at java.lang.reflect.Method.invoke(Unknown Source)
	at org.testng.internal.MethodInvocationHelper.invokeMethod(MethodInvocationHelper.java:84)
	at org.testng.internal.Invoker.invokeMethod(Invoker.java:714)
	at org.testng.internal.Invoker.invokeTestMethod(Invoker.java:901)
	at org.testng.internal.Invoker.invokeTestMethods(Invoker.java:1231)
	at org.testng.internal.TestMethodWorker.invokeTestMethods(TestMethodWorker.java:127)
	at org.testng.internal.TestMethodWorker.run(TestMethodWorker.java:111)
	at org.testng.TestRunner.privateRun(TestRunner.java:767)
	at org.testng.TestRunner.run(TestRunner.java:617)
	at org.testng.SuiteRunner.runTest(SuiteRunner.java:348)
	at org.testng.SuiteRunner.runSequentially(SuiteRunner.java:343)
	at org.testng.SuiteRunner.privateRun(SuiteRunner.java:305)
	at org.testng.SuiteRunner.run(SuiteRunner.java:254)
	at org.testng.SuiteRunnerWorker.runSuite(SuiteRunnerWorker.java:52)
	at org.testng.SuiteRunnerWorker.run(SuiteRunnerWorker.java:86)
	at org.testng.TestNG.runSuitesSequentially(TestNG.java:1224)
	at org.testng.TestNG.runSuitesLocally(TestNG.java:1149)
	at org.testng.TestNG.run(TestNG.java:1057)
	at org.testng.remote.RemoteTestNG.run(RemoteTestNG.java:111)
	at org.testng.remote.RemoteTestNG.initAndRun(RemoteTestNG.java:204)
	at org.testng.remote.RemoteTestNG.main(RemoteTestNG.java:175)
Caused by: org.openqa.selenium.firefox.NotConnectedException: Unable to connect to host 127.0.0.1 on port 7055 after 45000 ms. Firefox console output:
null,"translators":null,"contributors":null,"locales":["ca"]},{"name":"WikipÃ©dia (sk)","description":"WikipÃ©dia, slobodnÃ¡ a otvorenÃ¡ encyklopÃ©dia","creator":null,"developers":null,"translators":null,"contributors":null,"locales":["sk"]},{"name":"Ð’Ð¸ÐºÐ¸Ð¿ÐµÐ´Ð¸Ñ˜Ð° (sr)","description":"ÐŸÑ€ÐµÑ‚Ñ€Ð°Ð³Ð° Ð’Ð¸ÐºÐ¸Ð¿ÐµÐ´Ð¸Ñ˜Ðµ Ð½Ð° Ñ�Ñ€Ð¿Ñ�ÐºÐ¾Ð¼ Ñ˜ÐµÐ·Ð¸ÐºÑƒ","creator":null,"developers":null,"translators":null,"contributors":null,"locales":["sr"]},{"name":"Wikipedia (af)","description":"Wikipedia, die vrye ensiklopedie","creator":null,"developers":null,"translators":null,"contributors":null,"locales":["af"]},{"name":"ÙˆÛŒÚ©ÛŒâ€ŒÙ¾Ø¯ÛŒØ§ (fa)","description":"ÙˆÛŒÚ©ÛŒâ€ŒÙ¾Ø¯ÛŒØ§ØŒ Ø¯Ø§Ù†Ø´Ù†Ø§Ù…Ù‡Ù” Ø¢Ø²Ø§Ø¯","creator":null,"developers":null,"translators":null,"contributors":null,"locales":["fa"]},{"name":"à´µà´¿à´•àµ�à´•à´¿à´ªàµ€à´¡à´¿à´¯ (ml)","description":"à´µà´¿à´•àµ�à´•à´¿à´ªàµ€à´¡à´¿à´¯, à´¸àµ�à´µà´¤à´¨àµ�à´¤àµ�à´° à´¸à´°àµ�â€�à´µàµ�à´µà´µà´¿à´œàµ�à´žà´¾à´¨à´•àµ‹à´¶à´‚ ","creator":null,"developers":null,"translators":null,"contributors":null,"locales":["ml"]},{"name":"Wikipedia (ia)","description":"Wikipedia, le encyclopedia libere","creator":null,"developers":null,"translators":null,"contributors":null,"locales":["ia"]},{"name":"Wikipedia (ms)","description":"Wikipedia, ensiklopedia bebas","creator":null,"developers":null,"translators":null,"contributors":null,"locales":["ms"]},{"name":"Wikipedia (no)","description":"Wikipedia, den frie encyklopedi","creator":null,"developers":null,"translators":null,"contributors":null,"locales":["NO"]},{"name":"Wikipedia (br)","description":"Wikipedia, an holloueziadur digor","creator":null,"developers":null,"translators":null,"contributors":null,"locales":["br"]},{"name":"Wikipedia (pl)","description":"Wikipedia, wolna encyklopedia","creator":null,"developers":null,"translators":null,"contributors":null,"locales":["pl"]},{"name":"Ð’Ñ–ÐºÑ–Ð¿Ñ�Ð´Ñ‹Ñ� (be-tarask)","description":"Ð’Ñ–ÐºÑ–Ð¿Ñ�Ð´Ñ‹Ñ�, Ð²Ð¾Ð»ÑŒÐ½Ð°Ñ� Ñ�Ð½Ñ†Ñ‹ÐºÐ»Ñ�Ð¿Ñ�Ð´Ñ‹Ñ�","creator":null,"developers":null,"translators":null,"contributors":null,"locales":["be-tarask"]},{"name":"àº§àº´àº�àº´àºžàºµà»€àº”àº� (lo)","description":"àº§àº´àº�àº´àºžàºµà»€àº”àº�, àºªàº²àº¥àº²àº™àº¸àº�àº»àº¡à»€àºªàº¥àºµ","creator":null,"developers":null,"translators":null,"contributors":null,"locales":["lo"]},{"name":"Wikipedia (sv)","description":"Wikipedia, den fria encyklopedin","creator":null,"developers":null,"translators":null,"contributors":null,"locales":["sv-SE"]},{"name":"Wikipedija (sl)","description":"Wikipedija, prosta enciklopedija","creator":null,"developers":null,"translators":null,"contributors":null,"locales":["sl"]},{"name":"VikipÄ“dija","description":"VikipÄ“dija, brÄ«vÄ� enciklopÄ“dija","creator":null,"developers":null,"translators":null,"contributors":null,"locales":["lv"]},{"name":"Biquipedia (an)","description":"A enciclopedia Libre","creator":null,"developers":null,"translators":null,"contributors":null,"locales":["an"]},{"name":"Ð’Ð¸ÐºÐ¸Ð¿ÐµÐ´Ð¸Ñ� (ru)","description":"Ð’Ð¸ÐºÐ¸Ð¿ÐµÐ´Ð¸Ñ�, Ñ�Ð²Ð¾Ð±Ð¾Ð´Ð½Ð°Ñ� Ñ�Ð½Ñ†Ð¸ÐºÐ»Ð¾Ð¿ÐµÐ´Ð¸Ñ�","creator":null,"developers":null,"translators":null,"contributors":null,"locales":["ru"]}],"targetApplications":[{"id":"toolkit@mozilla.org","minVersion":null,"maxVersion":null}],"targetPlatforms":[],"seen":true,"dependencies":[],"incognito":"spanning","userPermissions":{"permissions":[],"origins":[]},"icons":{"16":"favicon.ico"},"iconURL":null,"blocklistState":0,"blocklistURL":null,"startupData":null,"hidden":true,"installTelemetryInfo":null,"recommendationState":null,"rootURI":"resource://search-extensions/wikipedia/","location":"app-builtin"}
1569172855704	addons.xpi	DEBUG	Loading bootstrap scope from resource://search-extensions/wikipedia/
1569172855704	addons.xpi	DEBUG	Calling bootstrap method install on wikipedia@search.mozilla.org version 1.0
1569172855704	addons.xpi	DEBUG	Calling bootstrap method startup on wikipedia@search.mozilla.org version 1.0
JavaScript error: https://www.mozilla.org/media/js/BUNDLES/privacy_firefox.8aff52e7b260.js, line 1: TypeError: e[0] is undefined

	at org.openqa.selenium.firefox.internal.NewProfileExtensionConnection.start(NewProfileExtensionConnection.java:118)
	... 31 more
]]>
    </failure>
  </testcase> <!-- init -->
</testsuite> <!-- com.base.FirefoxGeckoBrowser -->
