<?xml version="1.0" encoding="UTF-8"?>
<!-- Generated by org.testng.reporters.JUnitReportReporter -->
<testsuite hostname="DESKTOP-ACLN3OR" name="com.slokam.test.automation.testscripts.basic.Segregate0n1Main" tests="1" failures="0" timestamp="2 Mar 2020 05:48:16 GMT" time="0.065" errors="0">
  <testcase name="seperator" time="0.065" classname="com.slokam.test.automation.testscripts.basic.Segregate0n1Main"/>
</testsuite> <!-- com.slokam.test.automation.testscripts.basic.Segregate0n1Main -->
