<?xml version="1.0" encoding="UTF-8"?>
<!-- Generated by org.testng.reporters.JUnitReportReporter -->
<testsuite hostname="DESKTOP-ACLN3OR" name="com.slokam.test.automation.testscripts.basic.TT" tests="1" failures="0" timestamp="2 Mar 2020 10:31:02 GMT" time="0.056" errors="0">
  <testcase name="run" time="0.056" classname="com.slokam.test.automation.testscripts.basic.TT"/>
</testsuite> <!-- com.slokam.test.automation.testscripts.basic.TT -->
