<?xml version="1.0" encoding="UTF-8"?>
<!-- Generated by org.testng.reporters.JUnitReportReporter -->
<testsuite hostname="DESKTOP-ACLN3OR" name="com.slokam.test.automation.testscripts.basic.Seperate0n1" tests="1" failures="0" timestamp="29 Feb 2020 07:53:20 GMT" time="0.057" errors="0">
  <testcase name="seperator" time="0.057" classname="com.slokam.test.automation.testscripts.basic.Seperate0n1"/>
</testsuite> <!-- com.slokam.test.automation.testscripts.basic.Seperate0n1 -->
