<?xml version="1.0" encoding="UTF-8"?>
<!-- Generated by org.testng.reporters.JUnitReportReporter -->
<testsuite hostname="DESKTOP-ACLN3OR" name="com.slokam.test.automation.testscripts.basic.RemoveDuplicatesString" tests="1" failures="0" timestamp="29 Feb 2020 03:55:09 GMT" time="0.056" errors="0">
  <testcase name="run" time="0.056" classname="com.slokam.test.automation.testscripts.basic.RemoveDuplicatesString"/>
</testsuite> <!-- com.slokam.test.automation.testscripts.basic.RemoveDuplicatesString -->
