<?xml version="1.0" encoding="UTF-8"?>
<!-- Generated by org.testng.reporters.JUnitReportReporter -->
<testsuite hostname="DESKTOP-ACLN3OR" name="com.slokam.test.automation.testscripts.basic.SmallestElementArray" tests="1" failures="0" timestamp="28 Feb 2020 17:24:11 GMT" time="0.055" errors="0">
  <testcase name="secondLargestInArray" time="0.055" classname="com.slokam.test.automation.testscripts.basic.SmallestElementArray"/>
</testsuite> <!-- com.slokam.test.automation.testscripts.basic.SmallestElementArray -->
