<?xml version="1.0" encoding="UTF-8"?>
<!-- Generated by org.testng.reporters.JUnitReportReporter -->
<testsuite hostname="DESKTOP-ACLN3OR" name="com.dataprovider.ExcelM" tests="1" failures="0" timestamp="28 Feb 2020 14:00:36 GMT" time="1.262" errors="1">
  <testcase name="run" time="1.262" classname="com.dataprovider.ExcelM">
    <error type="java.lang.IllegalStateException" message="Cannot get a STRING value from a NUMERIC cell">
      <![CDATA[java.lang.IllegalStateException: Cannot get a STRING value from a NUMERIC cell
	at org.apache.poi.xssf.usermodel.XSSFCell.typeMismatch(XSSFCell.java:1035)
	at org.apache.poi.xssf.usermodel.XSSFCell.getRichStringCellValue(XSSFCell.java:390)
	at org.apache.poi.xssf.usermodel.XSSFCell.getStringCellValue(XSSFCell.java:342)
	at com.dataprovider.ExcelM.readExcel(ExcelM.java:35)
	at com.dataprovider.ExcelM.run(ExcelM.java:44)
]]>
    </error>
  </testcase> <!-- run -->
</testsuite> <!-- com.dataprovider.ExcelM -->
