<?xml version="1.0" encoding="UTF-8"?>
<!-- Generated by org.testng.reporters.JUnitReportReporter -->
<testsuite hostname="DESKTOP-ACLN3OR" name="com.dataprovider.EE" tests="1" failures="0" timestamp="3 Mar 2020 05:50:14 GMT" time="1.250" errors="0">
  <testcase name="reader" time="1.250" classname="com.dataprovider.EE"/>
</testsuite> <!-- com.dataprovider.EE -->
