<?xml version="1.0" encoding="UTF-8"?>
<!-- Generated by org.testng.reporters.JUnitReportReporter -->
<testsuite hostname="DESKTOP-ACLN3OR" name="com.slokam.test.automation.testscripts.basic.GetSecondLargerstNum" tests="1" failures="0" timestamp="25 Feb 2020 03:10:25 GMT" time="0.052" errors="0">
  <testcase name="hm" time="0.052" classname="com.slokam.test.automation.testscripts.basic.GetSecondLargerstNum"/>
</testsuite> <!-- com.slokam.test.automation.testscripts.basic.GetSecondLargerstNum -->
